Z_RADA_C_BABJ_20181102005400_P_DOR_RDCP_CR_ABHH.PNG
Z_RADA_C_BABJ_20181102005400_P_DOR_RDCP_CR_ACCN.PNG
Z_RADA_C_BABJ_20181102005400_P_DOR_RDCP_CR_ACES.PNG
Z_RADA_C_BABJ_20181102005400_P_DOR_RDCP_CR_AECN.PNG
Z_RADA_C_BABJ_20181102005400_P_DOR_RDCP_CR_ANCN.PNG
Z_RADA_C_BABJ_20181102005400_P_DOR_RDCP_CR_ANEC.PNG
Z_RADA_C_BABJ_20181102005400_P_DOR_RDCP_CR_ANWC.PNG
Z_RADA_C_BABJ_20181102005400_P_DOR_RDCP_CR_ASCN.PNG
Z_RADA_C_BABJ_20181102005400_P_DOR_RDCP_CR_ASWC.PNG
Z_RADA_C_BABJ_20181102010000_P_DOR_RDCP_CR_ABCJ.PNG
Z_RADA_C_BABJ_20181102010000_P_DOR_RDCP_CR_ABHH.PNG
Z_RADA_C_BABJ_20181102010000_P_DOR_RDCP_CR_ACCN.PNG
Z_RADA_C_BABJ_20181102010000_P_DOR_RDCP_CR_ACES.PNG
Z_RADA_C_BABJ_20181102010000_P_DOR_RDCP_CR_AECN.PNG
Z_RADA_C_BABJ_20181102010000_P_DOR_RDCP_CR_ANCN.PNG
Z_RADA_C_BABJ_20181102010000_P_DOR_RDCP_CR_ANEC.PNG
Z_RADA_C_BABJ_20181102010000_P_DOR_RDCP_CR_ANWC.PNG
Z_RADA_C_BABJ_20181102010000_P_DOR_RDCP_CR_ASCN.PNG
Z_RADA_C_BABJ_20181102010000_P_DOR_RDCP_CR_ASWC.PNG
Z_RADA_C_BABJ_20181102010600_P_DOR_RDCP_CR_ABCJ.PNG
Z_RADA_C_BABJ_20181102010600_P_DOR_RDCP_CR_ABHH.PNG
Z_RADA_C_BABJ_20181102010600_P_DOR_RDCP_CR_ACCN.PNG
Z_RADA_C_BABJ_20181102010600_P_DOR_RDCP_CR_ACES.PNG
Z_RADA_C_BABJ_20181102010600_P_DOR_RDCP_CR_AECN.PNG
Z_RADA_C_BABJ_20181102010600_P_DOR_RDCP_CR_ANCN.PNG
Z_RADA_C_BABJ_20181102010600_P_DOR_RDCP_CR_ANEC.PNG
Z_RADA_C_BABJ_20181102010600_P_DOR_RDCP_CR_ANWC.PNG
Z_RADA_C_BABJ_20181102010600_P_DOR_RDCP_CR_ASCN.PNG
Z_RADA_C_BABJ_20181102010600_P_DOR_RDCP_CR_ASWC.PNG
Z_RADA_C_BABJ_20181102011200_P_DOR_RDCP_CR_ABCJ.PNG
Z_RADA_C_BABJ_20181102011200_P_DOR_RDCP_CR_ABHH.PNG
Z_RADA_C_BABJ_20181102011200_P_DOR_RDCP_CR_ACCN.PNG
Z_RADA_C_BABJ_20181102011200_P_DOR_RDCP_CR_ACES.PNG
Z_RADA_C_BABJ_20181102011200_P_DOR_RDCP_CR_AECN.PNG
Z_RADA_C_BABJ_20181102011200_P_DOR_RDCP_CR_ANCN.PNG
Z_RADA_C_BABJ_20181102011200_P_DOR_RDCP_CR_ANEC.PNG
Z_RADA_C_BABJ_20181102011200_P_DOR_RDCP_CR_ANWC.PNG
Z_RADA_C_BABJ_20181102011200_P_DOR_RDCP_CR_ASCN.PNG
Z_RADA_C_BABJ_20181102011200_P_DOR_RDCP_CR_ASWC.PNG
Z_RADA_C_BABJ_20181102011800_P_DOR_RDCP_CR_ABCJ.PNG
Z_RADA_C_BABJ_20181102011800_P_DOR_RDCP_CR_ABHH.PNG
Z_RADA_C_BABJ_20181102011800_P_DOR_RDCP_CR_ACCN.PNG
Z_RADA_C_BABJ_20181102011800_P_DOR_RDCP_CR_ACES.PNG
Z_RADA_C_BABJ_20181102011800_P_DOR_RDCP_CR_AECN.PNG
Z_RADA_C_BABJ_20181102011800_P_DOR_RDCP_CR_ANCN.PNG
Z_RADA_C_BABJ_20181102011800_P_DOR_RDCP_CR_ANEC.PNG
Z_RADA_C_BABJ_20181102011800_P_DOR_RDCP_CR_ANWC.PNG
Z_RADA_C_BABJ_20181102011800_P_DOR_RDCP_CR_ASCN.PNG
Z_RADA_C_BABJ_20181102011800_P_DOR_RDCP_CR_ASWC.PNG
Z__0
