Z_RADA_C_BABJ_20181101104200_P_DOR_RDCP_OHP_ABHH.PNG
Z_RADA_C_BABJ_20181101104200_P_DOR_RDCP_OHP_ACCN.PNG
Z_RADA_C_BABJ_20181101104200_P_DOR_RDCP_OHP_ACES.PNG
Z_RADA_C_BABJ_20181101104200_P_DOR_RDCP_OHP_AECN.PNG
Z_RADA_C_BABJ_20181101104200_P_DOR_RDCP_OHP_ANCN.PNG
Z_RADA_C_BABJ_20181101104200_P_DOR_RDCP_OHP_ANEC.PNG
Z_RADA_C_BABJ_20181101104200_P_DOR_RDCP_OHP_ANWC.PNG
Z_RADA_C_BABJ_20181101104200_P_DOR_RDCP_OHP_ASCN.PNG
Z_RADA_C_BABJ_20181101104200_P_DOR_RDCP_OHP_ASWC.PNG
Z_RADA_C_BABJ_20181101104800_P_DOR_RDCP_OHP_ABCJ.PNG
Z_RADA_C_BABJ_20181101104800_P_DOR_RDCP_OHP_ABHH.PNG
Z_RADA_C_BABJ_20181101104800_P_DOR_RDCP_OHP_ACCN.PNG
Z_RADA_C_BABJ_20181101104800_P_DOR_RDCP_OHP_ACES.PNG
Z_RADA_C_BABJ_20181101104800_P_DOR_RDCP_OHP_AECN.PNG
Z_RADA_C_BABJ_20181101104800_P_DOR_RDCP_OHP_ANCN.PNG
Z_RADA_C_BABJ_20181101104800_P_DOR_RDCP_OHP_ANEC.PNG
Z_RADA_C_BABJ_20181101104800_P_DOR_RDCP_OHP_ANWC.PNG
Z_RADA_C_BABJ_20181101104800_P_DOR_RDCP_OHP_ASCN.PNG
Z_RADA_C_BABJ_20181101104800_P_DOR_RDCP_OHP_ASWC.PNG
Z_RADA_C_BABJ_20181101105400_P_DOR_RDCP_OHP_ABCJ.PNG
Z_RADA_C_BABJ_20181101105400_P_DOR_RDCP_OHP_ABHH.PNG
Z_RADA_C_BABJ_20181101105400_P_DOR_RDCP_OHP_ACCN.PNG
Z_RADA_C_BABJ_20181101105400_P_DOR_RDCP_OHP_ACES.PNG
Z_RADA_C_BABJ_20181101105400_P_DOR_RDCP_OHP_AECN.PNG
Z_RADA_C_BABJ_20181101105400_P_DOR_RDCP_OHP_ANCN.PNG
Z_RADA_C_BABJ_20181101105400_P_DOR_RDCP_OHP_ANEC.PNG
Z_RADA_C_BABJ_20181101105400_P_DOR_RDCP_OHP_ANWC.PNG
Z_RADA_C_BABJ_20181101105400_P_DOR_RDCP_OHP_ASCN.PNG
Z_RADA_C_BABJ_20181101105400_P_DOR_RDCP_OHP_ASWC.PNG
Z_RADA_C_BABJ_20181101110000_P_DOR_RDCP_OHP_ABCJ.PNG
Z_RADA_C_BABJ_20181101110000_P_DOR_RDCP_OHP_ABHH.PNG
Z_RADA_C_BABJ_20181101110000_P_DOR_RDCP_OHP_ACCN.PNG
Z_RADA_C_BABJ_20181101110000_P_DOR_RDCP_OHP_ACES.PNG
Z_RADA_C_BABJ_20181101110000_P_DOR_RDCP_OHP_AECN.PNG
Z_RADA_C_BABJ_20181101110000_P_DOR_RDCP_OHP_ANCN.PNG
Z_RADA_C_BABJ_20181101110000_P_DOR_RDCP_OHP_ANEC.PNG
Z_RADA_C_BABJ_20181101110000_P_DOR_RDCP_OHP_ANWC.PNG
Z_RADA_C_BABJ_20181101110000_P_DOR_RDCP_OHP_ASCN.PNG
Z_RADA_C_BABJ_20181101110000_P_DOR_RDCP_OHP_ASWC.PNG
Z_RADA_C_BABJ_20181101110600_P_DOR_RDCP_OHP_ABCJ.PNG
Z_RADA_C_BABJ_20181101110600_P_DOR_RDCP_OHP_ABHH.PNG
Z_RADA_C_BABJ_20181101110600_P_DOR_RDCP_OHP_ACCN.PNG
Z_RADA_C_BABJ_20181101110600_P_DOR_RDCP_OHP_ACES.PNG
Z_RADA_C_BABJ_20181101110600_P_DOR_RDCP_OHP_AECN.PNG
Z_RADA_C_BABJ_20181101110600_P_DOR_RDCP_OHP_ANCN.PNG
Z_RADA_C_BABJ_20181101110600_P_DOR_RDCP_OHP_ANEC.PNG
Z_RADA_C_BABJ_20181101110600_P_DOR_RDCP_OHP_ANWC.PNG
Z_RADA_C_BABJ_20181101110600_P_DOR_RDCP_OHP_ASCN.PNG
Z_RADA_C_BABJ_20181101110600_P_DOR_RDCP_OHP_ASWC.PNG
Z__0
