Z_RADA_C_BABJ_20181102005400_P_DOR_RDCP_R_ABHH.PNG
Z_RADA_C_BABJ_20181102005400_P_DOR_RDCP_R_ACCN.PNG
Z_RADA_C_BABJ_20181102005400_P_DOR_RDCP_R_ACES.PNG
Z_RADA_C_BABJ_20181102005400_P_DOR_RDCP_R_AECN.PNG
Z_RADA_C_BABJ_20181102005400_P_DOR_RDCP_R_ANCN.PNG
Z_RADA_C_BABJ_20181102005400_P_DOR_RDCP_R_ANEC.PNG
Z_RADA_C_BABJ_20181102005400_P_DOR_RDCP_R_ANWC.PNG
Z_RADA_C_BABJ_20181102005400_P_DOR_RDCP_R_ASCN.PNG
Z_RADA_C_BABJ_20181102005400_P_DOR_RDCP_R_ASWC.PNG
Z_RADA_C_BABJ_20181102010000_P_DOR_RDCP_R_ABCJ.PNG
Z_RADA_C_BABJ_20181102010000_P_DOR_RDCP_R_ABHH.PNG
Z_RADA_C_BABJ_20181102010000_P_DOR_RDCP_R_ACCN.PNG
Z_RADA_C_BABJ_20181102010000_P_DOR_RDCP_R_ACES.PNG
Z_RADA_C_BABJ_20181102010000_P_DOR_RDCP_R_AECN.PNG
Z_RADA_C_BABJ_20181102010000_P_DOR_RDCP_R_ANCN.PNG
Z_RADA_C_BABJ_20181102010000_P_DOR_RDCP_R_ANEC.PNG
Z_RADA_C_BABJ_20181102010000_P_DOR_RDCP_R_ANWC.PNG
Z_RADA_C_BABJ_20181102010000_P_DOR_RDCP_R_ASCN.PNG
Z_RADA_C_BABJ_20181102010000_P_DOR_RDCP_R_ASWC.PNG
Z_RADA_C_BABJ_20181102010600_P_DOR_RDCP_R_ABCJ.PNG
Z_RADA_C_BABJ_20181102010600_P_DOR_RDCP_R_ABHH.PNG
Z_RADA_C_BABJ_20181102010600_P_DOR_RDCP_R_ACCN.PNG
Z_RADA_C_BABJ_20181102010600_P_DOR_RDCP_R_ACES.PNG
Z_RADA_C_BABJ_20181102010600_P_DOR_RDCP_R_AECN.PNG
Z_RADA_C_BABJ_20181102010600_P_DOR_RDCP_R_ANCN.PNG
Z_RADA_C_BABJ_20181102010600_P_DOR_RDCP_R_ANEC.PNG
Z_RADA_C_BABJ_20181102010600_P_DOR_RDCP_R_ANWC.PNG
Z_RADA_C_BABJ_20181102010600_P_DOR_RDCP_R_ASCN.PNG
Z_RADA_C_BABJ_20181102010600_P_DOR_RDCP_R_ASWC.PNG
Z_RADA_C_BABJ_20181102011200_P_DOR_RDCP_R_ABCJ.PNG
Z_RADA_C_BABJ_20181102011200_P_DOR_RDCP_R_ABHH.PNG
Z_RADA_C_BABJ_20181102011200_P_DOR_RDCP_R_ACCN.PNG
Z_RADA_C_BABJ_20181102011200_P_DOR_RDCP_R_ACES.PNG
Z_RADA_C_BABJ_20181102011200_P_DOR_RDCP_R_AECN.PNG
Z_RADA_C_BABJ_20181102011200_P_DOR_RDCP_R_ANCN.PNG
Z_RADA_C_BABJ_20181102011200_P_DOR_RDCP_R_ANEC.PNG
Z_RADA_C_BABJ_20181102011200_P_DOR_RDCP_R_ANWC.PNG
Z_RADA_C_BABJ_20181102011200_P_DOR_RDCP_R_ASCN.PNG
Z_RADA_C_BABJ_20181102011200_P_DOR_RDCP_R_ASWC.PNG
Z_RADA_C_BABJ_20181102011800_P_DOR_RDCP_R_ABCJ.PNG
Z_RADA_C_BABJ_20181102011800_P_DOR_RDCP_R_ABHH.PNG
Z_RADA_C_BABJ_20181102011800_P_DOR_RDCP_R_ACCN.PNG
Z_RADA_C_BABJ_20181102011800_P_DOR_RDCP_R_ACES.PNG
Z_RADA_C_BABJ_20181102011800_P_DOR_RDCP_R_AECN.PNG
Z_RADA_C_BABJ_20181102011800_P_DOR_RDCP_R_ANCN.PNG
Z_RADA_C_BABJ_20181102011800_P_DOR_RDCP_R_ANEC.PNG
Z_RADA_C_BABJ_20181102011800_P_DOR_RDCP_R_ANWC.PNG
Z_RADA_C_BABJ_20181102011800_P_DOR_RDCP_R_ASCN.PNG
Z_RADA_C_BABJ_20181102011800_P_DOR_RDCP_R_ASWC.PNG
Z__0
