Z_RADA_C_BABJ_20181101104200_P_DOR_RDCP_VIL_ABHH.PNG
Z_RADA_C_BABJ_20181101104200_P_DOR_RDCP_VIL_ACCN.PNG
Z_RADA_C_BABJ_20181101104200_P_DOR_RDCP_VIL_ACES.PNG
Z_RADA_C_BABJ_20181101104200_P_DOR_RDCP_VIL_AECN.PNG
Z_RADA_C_BABJ_20181101104200_P_DOR_RDCP_VIL_ANCN.PNG
Z_RADA_C_BABJ_20181101104200_P_DOR_RDCP_VIL_ANEC.PNG
Z_RADA_C_BABJ_20181101104200_P_DOR_RDCP_VIL_ANWC.PNG
Z_RADA_C_BABJ_20181101104200_P_DOR_RDCP_VIL_ASCN.PNG
Z_RADA_C_BABJ_20181101104200_P_DOR_RDCP_VIL_ASWC.PNG
Z_RADA_C_BABJ_20181101104800_P_DOR_RDCP_VIL_ABCJ.PNG
Z_RADA_C_BABJ_20181101104800_P_DOR_RDCP_VIL_ABHH.PNG
Z_RADA_C_BABJ_20181101104800_P_DOR_RDCP_VIL_ACCN.PNG
Z_RADA_C_BABJ_20181101104800_P_DOR_RDCP_VIL_ACES.PNG
Z_RADA_C_BABJ_20181101104800_P_DOR_RDCP_VIL_AECN.PNG
Z_RADA_C_BABJ_20181101104800_P_DOR_RDCP_VIL_ANCN.PNG
Z_RADA_C_BABJ_20181101104800_P_DOR_RDCP_VIL_ANEC.PNG
Z_RADA_C_BABJ_20181101104800_P_DOR_RDCP_VIL_ANWC.PNG
Z_RADA_C_BABJ_20181101104800_P_DOR_RDCP_VIL_ASCN.PNG
Z_RADA_C_BABJ_20181101104800_P_DOR_RDCP_VIL_ASWC.PNG
Z_RADA_C_BABJ_20181101105400_P_DOR_RDCP_VIL_ABCJ.PNG
Z_RADA_C_BABJ_20181101105400_P_DOR_RDCP_VIL_ABHH.PNG
Z_RADA_C_BABJ_20181101105400_P_DOR_RDCP_VIL_ACCN.PNG
Z_RADA_C_BABJ_20181101105400_P_DOR_RDCP_VIL_ACES.PNG
Z_RADA_C_BABJ_20181101105400_P_DOR_RDCP_VIL_AECN.PNG
Z_RADA_C_BABJ_20181101105400_P_DOR_RDCP_VIL_ANCN.PNG
Z_RADA_C_BABJ_20181101105400_P_DOR_RDCP_VIL_ANEC.PNG
Z_RADA_C_BABJ_20181101105400_P_DOR_RDCP_VIL_ANWC.PNG
Z_RADA_C_BABJ_20181101105400_P_DOR_RDCP_VIL_ASCN.PNG
Z_RADA_C_BABJ_20181101105400_P_DOR_RDCP_VIL_ASWC.PNG
Z_RADA_C_BABJ_20181101110000_P_DOR_RDCP_VIL_ABCJ.PNG
Z_RADA_C_BABJ_20181101110000_P_DOR_RDCP_VIL_ABHH.PNG
Z_RADA_C_BABJ_20181101110000_P_DOR_RDCP_VIL_ACCN.PNG
Z_RADA_C_BABJ_20181101110000_P_DOR_RDCP_VIL_ACES.PNG
Z_RADA_C_BABJ_20181101110000_P_DOR_RDCP_VIL_AECN.PNG
Z_RADA_C_BABJ_20181101110000_P_DOR_RDCP_VIL_ANCN.PNG
Z_RADA_C_BABJ_20181101110000_P_DOR_RDCP_VIL_ANEC.PNG
Z_RADA_C_BABJ_20181101110000_P_DOR_RDCP_VIL_ANWC.PNG
Z_RADA_C_BABJ_20181101110000_P_DOR_RDCP_VIL_ASCN.PNG
Z_RADA_C_BABJ_20181101110000_P_DOR_RDCP_VIL_ASWC.PNG
Z_RADA_C_BABJ_20181101110600_P_DOR_RDCP_VIL_ABCJ.PNG
Z_RADA_C_BABJ_20181101110600_P_DOR_RDCP_VIL_ABHH.PNG
Z_RADA_C_BABJ_20181101110600_P_DOR_RDCP_VIL_ACCN.PNG
Z_RADA_C_BABJ_20181101110600_P_DOR_RDCP_VIL_ACES.PNG
Z_RADA_C_BABJ_20181101110600_P_DOR_RDCP_VIL_AECN.PNG
Z_RADA_C_BABJ_20181101110600_P_DOR_RDCP_VIL_ANCN.PNG
Z_RADA_C_BABJ_20181101110600_P_DOR_RDCP_VIL_ANEC.PNG
Z_RADA_C_BABJ_20181101110600_P_DOR_RDCP_VIL_ANWC.PNG
Z_RADA_C_BABJ_20181101110600_P_DOR_RDCP_VIL_ASCN.PNG
Z_RADA_C_BABJ_20181101110600_P_DOR_RDCP_VIL_ASWC.PNG
Z__0
